[debug] [2019-03-08T19:01:11.029Z] ----------------------------------------------------------------------
[debug] [2019-03-08T19:01:11.031Z] Command:       /usr/local/Cellar/node/11.10.0/bin/node /usr/local/bin/firebase serve
[debug] [2019-03-08T19:01:11.031Z] CLI Version:   6.3.1
[debug] [2019-03-08T19:01:11.031Z] Platform:      darwin
[debug] [2019-03-08T19:01:11.031Z] Node Version:  v11.10.0
[debug] [2019-03-08T19:01:11.032Z] Time:          Fri Mar 08 2019 14:01:11 GMT-0500 (Eastern Standard Time)
[debug] [2019-03-08T19:01:11.032Z] ----------------------------------------------------------------------
[debug] 
[debug] [2019-03-08T19:01:11.041Z] > command requires scopes: ["email","openid","https://www.googleapis.com/auth/cloudplatformprojects.readonly","https://www.googleapis.com/auth/firebase","https://www.googleapis.com/auth/cloud-platform"]
[debug] [2019-03-08T19:01:11.041Z] > authorizing via signed-in user
[debug] [2019-03-08T19:01:11.042Z] [iam] checking project junior-design-project for permissions ["firebase.projects.get"]
[debug] [2019-03-08T19:01:11.043Z] > refreshing access token with scopes: ["email","https://www.googleapis.com/auth/cloud-platform","https://www.googleapis.com/auth/cloudplatformprojects.readonly","https://www.googleapis.com/auth/firebase","openid"]
[debug] [2019-03-08T19:01:11.044Z] >>> HTTP REQUEST POST https://www.googleapis.com/oauth2/v3/token  
 <request body omitted>
[debug] [2019-03-08T19:01:11.199Z] <<< HTTP RESPONSE 200
[debug] [2019-03-08T19:01:11.210Z] >>> HTTP REQUEST POST https://cloudresourcemanager.googleapis.com/v1/projects/junior-design-project:testIamPermissions  

[debug] [2019-03-08T19:01:11.421Z] <<< HTTP RESPONSE 200
[debug] [2019-03-08T19:01:11.423Z] >>> HTTP REQUEST GET https://cloudresourcemanager.googleapis.com/v1/projects/junior-design-project  
 
[debug] [2019-03-08T19:01:11.538Z] <<< HTTP RESPONSE 200
[info] 
[info] === Serving from '/Users/dasomeom/GitHub/junior-design-project'...
[info] 
[info] i  functions: Preparing to emulate functions.
[debug] [2019-03-08T19:01:11.868Z] Fetching environment
[debug] [2019-03-08T19:01:11.870Z] >>> HTTP REQUEST GET https://mobilesdk-pa.googleapis.com/v1/projects/986723685667:getServerAppConfig  
 
[debug] [2019-03-08T19:01:11.871Z] >>> HTTP REQUEST GET https://mobilesdk-pa.googleapis.com/v1/projects/986723685667/clients/_:getWebAppConfig  
 
[debug] [2019-03-08T19:01:12.108Z] <<< HTTP RESPONSE 200
[debug] [2019-03-08T19:01:12.108Z] Starting @google-cloud/functions-emulator
[debug] [2019-03-08T19:01:12.166Z] <<< HTTP RESPONSE 200
[warn] ⚠  hosting: Port 5000 is not available. Trying another port...
[info] i  hosting: Serving hosting files from: public
[info] ✔  hosting: Local server: http://localhost:5005
[debug] [2019-03-08T19:01:13.156Z] Parsing function triggers
[warn] ⚠  functions: Failed to load functions source code. Ensure that you have the latest SDK by running npm i --save firebase-functions inside the functions directory.
[debug] [2019-03-08T19:01:13.249Z] Error during trigger parsing:  Error parsing triggers: Cannot find module 'firebase-admin'

Try running "npm install" in your functions directory before deploying.
[warn] ⚠  functions: Error from emulator. Error parsing triggers: Cannot find module 'firebase-admin'

Try running "npm install" in your functions directory before deploying.
[debug] [2019-03-08T19:01:13.250Z] 
