[debug] [2019-03-08T17:35:07.221Z] ----------------------------------------------------------------------
[debug] [2019-03-08T17:35:07.223Z] Command:       /usr/local/Cellar/node/11.10.0/bin/node /usr/local/bin/firebase serve
[debug] [2019-03-08T17:35:07.223Z] CLI Version:   6.3.1
[debug] [2019-03-08T17:35:07.223Z] Platform:      darwin
[debug] [2019-03-08T17:35:07.223Z] Node Version:  v11.10.0
[debug] [2019-03-08T17:35:07.224Z] Time:          Fri Mar 08 2019 12:35:07 GMT-0500 (Eastern Standard Time)
[debug] [2019-03-08T17:35:07.224Z] ----------------------------------------------------------------------
[debug] 
[debug] [2019-03-08T17:35:07.231Z] > command requires scopes: ["email","openid","https://www.googleapis.com/auth/cloudplatformprojects.readonly","https://www.googleapis.com/auth/firebase","https://www.googleapis.com/auth/cloud-platform"]
[debug] [2019-03-08T17:35:07.231Z] > authorizing via signed-in user
[debug] [2019-03-08T17:35:07.231Z] [iam] checking project junior-design-project for permissions ["firebase.projects.get"]
[debug] [2019-03-08T17:35:07.232Z] >>> HTTP REQUEST POST https://cloudresourcemanager.googleapis.com/v1/projects/junior-design-project:testIamPermissions  

[debug] [2019-03-08T17:35:07.469Z] <<< HTTP RESPONSE 200
[debug] [2019-03-08T17:35:07.470Z] >>> HTTP REQUEST GET https://cloudresourcemanager.googleapis.com/v1/projects/junior-design-project  
 
[debug] [2019-03-08T17:35:07.671Z] <<< HTTP RESPONSE 200
[info] 
[info] === Serving from '/Users/dasomeom/GitHub/junior-design-project'...
[info] 
[info] i  functions: Preparing to emulate functions.
[debug] [2019-03-08T17:35:07.989Z] Fetching environment
[debug] [2019-03-08T17:35:07.990Z] >>> HTTP REQUEST GET https://mobilesdk-pa.googleapis.com/v1/projects/986723685667:getServerAppConfig  
 
[debug] [2019-03-08T17:35:07.990Z] >>> HTTP REQUEST GET https://mobilesdk-pa.googleapis.com/v1/projects/986723685667/clients/_:getWebAppConfig  
 
[debug] [2019-03-08T17:35:08.162Z] <<< HTTP RESPONSE 200
[debug] [2019-03-08T17:35:08.162Z] Starting @google-cloud/functions-emulator
[debug] [2019-03-08T17:35:08.218Z] <<< HTTP RESPONSE 200
[info] i  hosting: Serving hosting files from: public
[info] ✔  hosting: Local server: http://localhost:5000
[debug] [2019-03-08T17:35:09.198Z] Parsing function triggers
[warn] ⚠  functions: Failed to load functions source code. Ensure that you have the latest SDK by running npm i --save firebase-functions inside the functions directory.
[debug] [2019-03-08T17:35:09.294Z] Error during trigger parsing:  Error parsing triggers: Cannot find module 'firebase-admin'

Try running "npm install" in your functions directory before deploying.
[warn] ⚠  functions: Error from emulator. Error parsing triggers: Cannot find module 'firebase-admin'

Try running "npm install" in your functions directory before deploying.
[debug] [2019-03-08T17:35:09.295Z] 
[debug] [2019-03-08T19:02:31.820Z] ----------------------------------------------------------------------
[debug] [2019-03-08T19:02:31.823Z] Command:       /usr/local/Cellar/node/11.10.0/bin/node /usr/local/bin/firebase serve
[debug] [2019-03-08T19:02:31.823Z] CLI Version:   6.3.1
[debug] [2019-03-08T19:02:31.823Z] Platform:      darwin
[debug] [2019-03-08T19:02:31.823Z] Node Version:  v11.10.0
[debug] [2019-03-08T19:02:31.824Z] Time:          Fri Mar 08 2019 14:02:31 GMT-0500 (Eastern Standard Time)
[debug] [2019-03-08T19:02:31.824Z] ----------------------------------------------------------------------
[debug] 
[debug] [2019-03-08T19:02:31.832Z] > command requires scopes: ["email","openid","https://www.googleapis.com/auth/cloudplatformprojects.readonly","https://www.googleapis.com/auth/firebase","https://www.googleapis.com/auth/cloud-platform"]
[debug] [2019-03-08T19:02:31.832Z] > authorizing via signed-in user
[debug] [2019-03-08T19:02:31.832Z] [iam] checking project junior-design-project for permissions ["firebase.projects.get"]
[debug] [2019-03-08T19:02:31.834Z] >>> HTTP REQUEST POST https://cloudresourcemanager.googleapis.com/v1/projects/junior-design-project:testIamPermissions  

[debug] [2019-03-08T19:02:32.051Z] <<< HTTP RESPONSE 200
[debug] [2019-03-08T19:02:32.053Z] >>> HTTP REQUEST GET https://cloudresourcemanager.googleapis.com/v1/projects/junior-design-project  
 
[debug] [2019-03-08T19:02:32.243Z] <<< HTTP RESPONSE 200
[info] 
[info] === Serving from '/Users/dasomeom/GitHub/junior-design-project'...
[info] 
[info] i  functions: Preparing to emulate functions.
[debug] [2019-03-08T19:02:32.563Z] Fetching environment
[debug] [2019-03-08T19:02:32.564Z] >>> HTTP REQUEST GET https://mobilesdk-pa.googleapis.com/v1/projects/986723685667:getServerAppConfig  
 
[debug] [2019-03-08T19:02:32.565Z] >>> HTTP REQUEST GET https://mobilesdk-pa.googleapis.com/v1/projects/986723685667/clients/_:getWebAppConfig  
 
[debug] [2019-03-08T19:02:32.738Z] <<< HTTP RESPONSE 200
[debug] [2019-03-08T19:02:32.738Z] Starting @google-cloud/functions-emulator
[debug] [2019-03-08T19:02:32.815Z] <<< HTTP RESPONSE 200
[warn] ⚠  hosting: Port 5000 is not available. Trying another port...
[info] i  hosting: Serving hosting files from: public
[info] ✔  hosting: Local server: http://localhost:5005
[debug] [2019-03-08T19:02:33.781Z] Parsing function triggers
[warn] ⚠  functions: Failed to load functions source code. Ensure that you have the latest SDK by running npm i --save firebase-functions inside the functions directory.
[debug] [2019-03-08T19:02:33.874Z] Error during trigger parsing:  Error parsing triggers: Cannot find module 'firebase-admin'

Try running "npm install" in your functions directory before deploying.
[warn] ⚠  functions: Error from emulator. Error parsing triggers: Cannot find module 'firebase-admin'

Try running "npm install" in your functions directory before deploying.
[debug] [2019-03-08T19:02:33.874Z] 
[debug] [2019-03-09T00:00:03.894Z] ----------------------------------------------------------------------
[debug] [2019-03-09T00:00:03.896Z] Command:       /usr/local/Cellar/node/11.10.0/bin/node /usr/local/bin/firebase serve
[debug] [2019-03-09T00:00:03.896Z] CLI Version:   6.3.1
[debug] [2019-03-09T00:00:03.896Z] Platform:      darwin
[debug] [2019-03-09T00:00:03.898Z] Node Version:  v11.10.0
[debug] [2019-03-09T00:00:03.906Z] Time:          Fri Mar 08 2019 19:00:03 GMT-0500 (Eastern Standard Time)
[debug] [2019-03-09T00:00:03.906Z] ----------------------------------------------------------------------
[debug] 
[debug] [2019-03-09T00:00:03.917Z] > command requires scopes: ["email","openid","https://www.googleapis.com/auth/cloudplatformprojects.readonly","https://www.googleapis.com/auth/firebase","https://www.googleapis.com/auth/cloud-platform"]
[debug] [2019-03-09T00:00:03.917Z] > authorizing via signed-in user
[debug] [2019-03-09T00:00:03.917Z] [iam] checking project junior-design-project for permissions ["firebase.projects.get"]
[debug] [2019-03-09T00:00:03.920Z] > refreshing access token with scopes: ["email","https://www.googleapis.com/auth/cloud-platform","https://www.googleapis.com/auth/cloudplatformprojects.readonly","https://www.googleapis.com/auth/firebase","openid"]
[debug] [2019-03-09T00:00:03.920Z] >>> HTTP REQUEST POST https://www.googleapis.com/oauth2/v3/token  
 <request body omitted>
[debug] [2019-03-09T00:00:04.093Z] <<< HTTP RESPONSE 200
[debug] [2019-03-09T00:00:04.104Z] >>> HTTP REQUEST POST https://cloudresourcemanager.googleapis.com/v1/projects/junior-design-project:testIamPermissions  

[debug] [2019-03-09T00:00:04.321Z] <<< HTTP RESPONSE 200
[debug] [2019-03-09T00:00:04.322Z] >>> HTTP REQUEST GET https://cloudresourcemanager.googleapis.com/v1/projects/junior-design-project  
 
[debug] [2019-03-09T00:00:04.532Z] <<< HTTP RESPONSE 200
[info] 
[info] === Serving from '/Users/dasomeom/GitHub/junior-design-project'...
[info] 
[info] i  functions: Preparing to emulate functions.
[debug] [2019-03-09T00:00:05.143Z] Fetching environment
[debug] [2019-03-09T00:00:05.145Z] >>> HTTP REQUEST GET https://mobilesdk-pa.googleapis.com/v1/projects/986723685667:getServerAppConfig  
 
[debug] [2019-03-09T00:00:05.145Z] >>> HTTP REQUEST GET https://mobilesdk-pa.googleapis.com/v1/projects/986723685667/clients/_:getWebAppConfig  
 
[debug] [2019-03-09T00:00:05.329Z] <<< HTTP RESPONSE 200
[debug] [2019-03-09T00:00:05.329Z] Starting @google-cloud/functions-emulator
[debug] [2019-03-09T00:00:05.463Z] <<< HTTP RESPONSE 200
[warn] ⚠  hosting: Port 5000 is not available. Trying another port...
[info] i  hosting: Serving hosting files from: public
[info] ✔  hosting: Local server: http://localhost:5005
[debug] [2019-03-09T00:00:06.376Z] Parsing function triggers
[warn] ⚠  functions: Failed to load functions source code. Ensure that you have the latest SDK by running npm i --save firebase-functions inside the functions directory.
[debug] [2019-03-09T00:00:06.485Z] Error during trigger parsing:  Error parsing triggers: Cannot find module 'firebase-admin'

Try running "npm install" in your functions directory before deploying.
[warn] ⚠  functions: Error from emulator. Error parsing triggers: Cannot find module 'firebase-admin'

Try running "npm install" in your functions directory before deploying.
[debug] [2019-03-09T00:00:06.485Z] 
[debug] [2019-03-09T00:01:40.401Z] ----------------------------------------------------------------------
[debug] [2019-03-09T00:01:40.403Z] Command:       /usr/local/Cellar/node/11.10.0/bin/node /usr/local/bin/firebase serve
[debug] [2019-03-09T00:01:40.403Z] CLI Version:   6.3.1
[debug] [2019-03-09T00:01:40.403Z] Platform:      darwin
[debug] [2019-03-09T00:01:40.403Z] Node Version:  v11.10.0
[debug] [2019-03-09T00:01:40.404Z] Time:          Fri Mar 08 2019 19:01:40 GMT-0500 (Eastern Standard Time)
[debug] [2019-03-09T00:01:40.405Z] ----------------------------------------------------------------------
[debug] 
[debug] [2019-03-09T00:01:40.411Z] > command requires scopes: ["email","openid","https://www.googleapis.com/auth/cloudplatformprojects.readonly","https://www.googleapis.com/auth/firebase","https://www.googleapis.com/auth/cloud-platform"]
[debug] [2019-03-09T00:01:40.412Z] > authorizing via signed-in user
[debug] [2019-03-09T00:01:40.412Z] [iam] checking project junior-design-project for permissions ["firebase.projects.get"]
[debug] [2019-03-09T00:01:40.413Z] >>> HTTP REQUEST POST https://cloudresourcemanager.googleapis.com/v1/projects/junior-design-project:testIamPermissions  

[debug] [2019-03-09T00:01:40.643Z] <<< HTTP RESPONSE 200
[debug] [2019-03-09T00:01:40.645Z] >>> HTTP REQUEST GET https://cloudresourcemanager.googleapis.com/v1/projects/junior-design-project  
 
[debug] [2019-03-09T00:01:40.849Z] <<< HTTP RESPONSE 200
[info] 
[info] === Serving from '/Users/dasomeom/GitHub/junior-design-project'...
[info] 
[info] i  functions: Preparing to emulate functions.
[debug] [2019-03-09T00:01:41.149Z] Fetching environment
[debug] [2019-03-09T00:01:41.151Z] >>> HTTP REQUEST GET https://mobilesdk-pa.googleapis.com/v1/projects/986723685667:getServerAppConfig  
 
[debug] [2019-03-09T00:01:41.152Z] >>> HTTP REQUEST GET https://mobilesdk-pa.googleapis.com/v1/projects/986723685667/clients/_:getWebAppConfig  
 
[debug] [2019-03-09T00:01:41.319Z] <<< HTTP RESPONSE 200
[debug] [2019-03-09T00:01:41.320Z] Starting @google-cloud/functions-emulator
[debug] [2019-03-09T00:01:41.412Z] <<< HTTP RESPONSE 200
[info] i  hosting: Serving hosting files from: public
[info] ✔  hosting: Local server: http://localhost:5000
[debug] [2019-03-09T00:01:42.365Z] Parsing function triggers
[warn] ⚠  functions: Failed to load functions source code. Ensure that you have the latest SDK by running npm i --save firebase-functions inside the functions directory.
[debug] [2019-03-09T00:01:42.458Z] Error during trigger parsing:  Error parsing triggers: Cannot find module 'firebase-admin'

Try running "npm install" in your functions directory before deploying.
[warn] ⚠  functions: Error from emulator. Error parsing triggers: Cannot find module 'firebase-admin'

Try running "npm install" in your functions directory before deploying.
[debug] [2019-03-09T00:01:42.459Z] 
[debug] [2019-03-11T16:16:36.774Z] ----------------------------------------------------------------------
[debug] [2019-03-11T16:16:36.776Z] Command:       /usr/local/Cellar/node/11.10.0/bin/node /usr/local/bin/firebase serve
[debug] [2019-03-11T16:16:36.776Z] CLI Version:   6.3.1
[debug] [2019-03-11T16:16:36.776Z] Platform:      darwin
[debug] [2019-03-11T16:16:36.776Z] Node Version:  v11.10.0
[debug] [2019-03-11T16:16:36.783Z] Time:          Mon Mar 11 2019 12:16:36 GMT-0400 (Eastern Daylight Time)
[debug] [2019-03-11T16:16:36.783Z] ----------------------------------------------------------------------
[debug] 
[debug] [2019-03-11T16:16:36.795Z] > command requires scopes: ["email","openid","https://www.googleapis.com/auth/cloudplatformprojects.readonly","https://www.googleapis.com/auth/firebase","https://www.googleapis.com/auth/cloud-platform"]
[debug] [2019-03-11T16:16:36.796Z] > authorizing via signed-in user
[debug] [2019-03-11T16:16:36.796Z] [iam] checking project junior-design-project for permissions ["firebase.projects.get"]
[debug] [2019-03-11T16:16:36.797Z] > refreshing access token with scopes: ["email","https://www.googleapis.com/auth/cloud-platform","https://www.googleapis.com/auth/cloudplatformprojects.readonly","https://www.googleapis.com/auth/firebase","openid"]
[debug] [2019-03-11T16:16:36.797Z] >>> HTTP REQUEST POST https://www.googleapis.com/oauth2/v3/token  
 <request body omitted>
[debug] [2019-03-11T16:16:36.961Z] <<< HTTP RESPONSE 200
[debug] [2019-03-11T16:16:36.970Z] >>> HTTP REQUEST POST https://cloudresourcemanager.googleapis.com/v1/projects/junior-design-project:testIamPermissions  

[debug] [2019-03-11T16:16:38.865Z] <<< HTTP RESPONSE 200
[debug] [2019-03-11T16:16:38.867Z] >>> HTTP REQUEST GET https://cloudresourcemanager.googleapis.com/v1/projects/junior-design-project  
 
[debug] [2019-03-11T16:16:39.086Z] <<< HTTP RESPONSE 200
[info] 
[info] === Serving from '/Users/dasomeom/GitHub/junior-design-project'...
[info] 
[info] i  functions: Preparing to emulate functions.
[debug] [2019-03-11T16:16:39.681Z] Fetching environment
[debug] [2019-03-11T16:16:39.682Z] >>> HTTP REQUEST GET https://mobilesdk-pa.googleapis.com/v1/projects/986723685667:getServerAppConfig  
 
[debug] [2019-03-11T16:16:39.683Z] >>> HTTP REQUEST GET https://mobilesdk-pa.googleapis.com/v1/projects/986723685667/clients/_:getWebAppConfig  
 
[debug] [2019-03-11T16:16:40.051Z] <<< HTTP RESPONSE 200
[info] i  hosting: Serving hosting files from: public
[info] ✔  hosting: Local server: http://localhost:5000
[debug] [2019-03-11T16:16:40.663Z] <<< HTTP RESPONSE 200
[debug] [2019-03-11T16:16:40.663Z] Starting @google-cloud/functions-emulator
[debug] [2019-03-11T16:16:41.705Z] Parsing function triggers
[warn] ⚠  functions: Failed to load functions source code. Ensure that you have the latest SDK by running npm i --save firebase-functions inside the functions directory.
[debug] [2019-03-11T16:16:41.802Z] Error during trigger parsing:  Error parsing triggers: Cannot find module 'firebase-admin'

Try running "npm install" in your functions directory before deploying.
[warn] ⚠  functions: Error from emulator. Error parsing triggers: Cannot find module 'firebase-admin'

Try running "npm install" in your functions directory before deploying.
[debug] [2019-03-11T16:16:41.803Z] 
[debug] [2019-03-11T16:18:17.075Z] ----------------------------------------------------------------------
[debug] [2019-03-11T16:18:17.077Z] Command:       /usr/local/Cellar/node/11.10.0/bin/node /usr/local/bin/firebase serve
[debug] [2019-03-11T16:18:17.077Z] CLI Version:   6.4.0
[debug] [2019-03-11T16:18:17.077Z] Platform:      darwin
[debug] [2019-03-11T16:18:17.077Z] Node Version:  v11.10.0
[debug] [2019-03-11T16:18:17.078Z] Time:          Mon Mar 11 2019 12:18:17 GMT-0400 (Eastern Daylight Time)
[debug] [2019-03-11T16:18:17.078Z] ----------------------------------------------------------------------
[debug] 
[debug] [2019-03-11T16:18:17.085Z] > command requires scopes: ["email","openid","https://www.googleapis.com/auth/cloudplatformprojects.readonly","https://www.googleapis.com/auth/firebase","https://www.googleapis.com/auth/cloud-platform"]
[debug] [2019-03-11T16:18:17.085Z] > authorizing via signed-in user
[debug] [2019-03-11T16:18:17.085Z] [iam] checking project junior-design-project for permissions ["firebase.projects.get"]
[debug] [2019-03-11T16:18:17.086Z] >>> HTTP REQUEST POST https://cloudresourcemanager.googleapis.com/v1/projects/junior-design-project:testIamPermissions  

[debug] [2019-03-11T16:18:17.319Z] <<< HTTP RESPONSE 200
[debug] [2019-03-11T16:18:17.321Z] >>> HTTP REQUEST GET https://cloudresourcemanager.googleapis.com/v1/projects/junior-design-project  
 
[debug] [2019-03-11T16:18:17.516Z] <<< HTTP RESPONSE 200
[info] 
[info] === Serving from '/Users/dasomeom/GitHub/junior-design-project'...
[info] 
[info] i  functions: Preparing to emulate functions.
[debug] [2019-03-11T16:18:17.871Z] Fetching environment
[debug] [2019-03-11T16:18:17.873Z] >>> HTTP REQUEST GET https://mobilesdk-pa.googleapis.com/v1/projects/986723685667:getServerAppConfig  
 
[debug] [2019-03-11T16:18:17.873Z] >>> HTTP REQUEST GET https://mobilesdk-pa.googleapis.com/v1/projects/986723685667/clients/_:getWebAppConfig  
 
[debug] [2019-03-11T16:18:18.078Z] <<< HTTP RESPONSE 200
[debug] [2019-03-11T16:18:18.078Z] Starting @google-cloud/functions-emulator
[debug] [2019-03-11T16:18:18.093Z] <<< HTTP RESPONSE 200
[info] i  hosting: Serving hosting files from: public
[info] ✔  hosting: Local server: http://localhost:5000
[debug] [2019-03-11T16:18:19.125Z] Parsing function triggers
[info] i  functions: No HTTPS functions found. Use firebase functions:shell if you would like to emulate other types of functions.
[debug] [2019-03-11T17:43:49.521Z] ----------------------------------------------------------------------
[debug] [2019-03-11T17:43:49.523Z] Command:       /usr/local/Cellar/node/11.10.0/bin/node /usr/local/bin/firebase serve
[debug] [2019-03-11T17:43:49.523Z] CLI Version:   6.4.0
[debug] [2019-03-11T17:43:49.523Z] Platform:      darwin
[debug] [2019-03-11T17:43:49.523Z] Node Version:  v11.10.0
[debug] [2019-03-11T17:43:49.524Z] Time:          Mon Mar 11 2019 13:43:49 GMT-0400 (Eastern Daylight Time)
[debug] [2019-03-11T17:43:49.524Z] ----------------------------------------------------------------------
[debug] 
[debug] [2019-03-11T17:43:49.531Z] > command requires scopes: ["email","openid","https://www.googleapis.com/auth/cloudplatformprojects.readonly","https://www.googleapis.com/auth/firebase","https://www.googleapis.com/auth/cloud-platform"]
[debug] [2019-03-11T17:43:49.531Z] > authorizing via signed-in user
[debug] [2019-03-11T17:43:49.531Z] [iam] checking project junior-design-project for permissions ["firebase.projects.get"]
[debug] [2019-03-11T17:43:49.532Z] > refreshing access token with scopes: ["email","https://www.googleapis.com/auth/cloud-platform","https://www.googleapis.com/auth/cloudplatformprojects.readonly","https://www.googleapis.com/auth/firebase","openid"]
[debug] [2019-03-11T17:43:49.532Z] >>> HTTP REQUEST POST https://www.googleapis.com/oauth2/v3/token  
 <request body omitted>
[debug] [2019-03-11T17:43:49.688Z] <<< HTTP RESPONSE 200
[debug] [2019-03-11T17:43:49.699Z] >>> HTTP REQUEST POST https://cloudresourcemanager.googleapis.com/v1/projects/junior-design-project:testIamPermissions  

[debug] [2019-03-11T17:43:49.914Z] <<< HTTP RESPONSE 200
[debug] [2019-03-11T17:43:49.916Z] >>> HTTP REQUEST GET https://cloudresourcemanager.googleapis.com/v1/projects/junior-design-project  
 
[debug] [2019-03-11T17:43:50.101Z] <<< HTTP RESPONSE 200
[info] 
[info] === Serving from '/Users/dasomeom/GitHub/junior-design-project'...
[info] 
[info] i  functions: Preparing to emulate functions.
[debug] [2019-03-11T17:43:50.429Z] Fetching environment
[debug] [2019-03-11T17:43:50.430Z] >>> HTTP REQUEST GET https://mobilesdk-pa.googleapis.com/v1/projects/986723685667:getServerAppConfig  
 
[debug] [2019-03-11T17:43:50.431Z] >>> HTTP REQUEST GET https://mobilesdk-pa.googleapis.com/v1/projects/986723685667/clients/_:getWebAppConfig  
 
[debug] [2019-03-11T17:43:50.604Z] <<< HTTP RESPONSE 200
[debug] [2019-03-11T17:43:50.605Z] Starting @google-cloud/functions-emulator
[debug] [2019-03-11T17:43:50.681Z] <<< HTTP RESPONSE 200
[info] i  hosting: Serving hosting files from: public
[info] ✔  hosting: Local server: http://localhost:5000
[debug] [2019-03-11T17:43:51.645Z] Parsing function triggers
[info] i  functions: No HTTPS functions found. Use firebase functions:shell if you would like to emulate other types of functions.
[debug] [2019-03-11T22:13:32.902Z] ----------------------------------------------------------------------
[debug] [2019-03-11T22:13:32.904Z] Command:       /usr/local/Cellar/node/11.10.0/bin/node /usr/local/bin/firebase serve
[debug] [2019-03-11T22:13:32.904Z] CLI Version:   6.4.0
[debug] [2019-03-11T22:13:32.904Z] Platform:      darwin
[debug] [2019-03-11T22:13:32.904Z] Node Version:  v11.10.0
[debug] [2019-03-11T22:13:32.905Z] Time:          Mon Mar 11 2019 18:13:32 GMT-0400 (Eastern Daylight Time)
[debug] [2019-03-11T22:13:32.905Z] ----------------------------------------------------------------------
[debug] 
[debug] [2019-03-11T22:13:32.911Z] > command requires scopes: ["email","openid","https://www.googleapis.com/auth/cloudplatformprojects.readonly","https://www.googleapis.com/auth/firebase","https://www.googleapis.com/auth/cloud-platform"]
[debug] [2019-03-11T22:13:32.912Z] > authorizing via signed-in user
[debug] [2019-03-11T22:13:32.912Z] [iam] checking project junior-design-project for permissions ["firebase.projects.get"]
[debug] [2019-03-11T22:13:32.913Z] > refreshing access token with scopes: ["email","https://www.googleapis.com/auth/cloud-platform","https://www.googleapis.com/auth/cloudplatformprojects.readonly","https://www.googleapis.com/auth/firebase","openid"]
[debug] [2019-03-11T22:13:32.913Z] >>> HTTP REQUEST POST https://www.googleapis.com/oauth2/v3/token  
 <request body omitted>
[debug] [2019-03-11T22:13:33.073Z] <<< HTTP RESPONSE 200
[debug] [2019-03-11T22:13:33.084Z] >>> HTTP REQUEST POST https://cloudresourcemanager.googleapis.com/v1/projects/junior-design-project:testIamPermissions  

[debug] [2019-03-11T22:13:33.293Z] <<< HTTP RESPONSE 200
[debug] [2019-03-11T22:13:33.293Z] >>> HTTP REQUEST GET https://cloudresourcemanager.googleapis.com/v1/projects/junior-design-project  
 
[debug] [2019-03-11T22:13:33.482Z] <<< HTTP RESPONSE 200
[info] 
[info] === Serving from '/Users/dasomeom/GitHub/junior-design-project'...
[info] 
[info] i  functions: Preparing to emulate functions.
[debug] [2019-03-11T22:13:33.818Z] Fetching environment
[debug] [2019-03-11T22:13:33.819Z] >>> HTTP REQUEST GET https://mobilesdk-pa.googleapis.com/v1/projects/986723685667:getServerAppConfig  
 
[debug] [2019-03-11T22:13:33.820Z] >>> HTTP REQUEST GET https://mobilesdk-pa.googleapis.com/v1/projects/986723685667/clients/_:getWebAppConfig  
 
[debug] [2019-03-11T22:13:34.029Z] <<< HTTP RESPONSE 200
[debug] [2019-03-11T22:13:34.030Z] Starting @google-cloud/functions-emulator
[debug] [2019-03-11T22:13:34.100Z] <<< HTTP RESPONSE 200
[info] i  hosting: Serving hosting files from: public
[info] ✔  hosting: Local server: http://localhost:5000
[debug] [2019-03-11T22:13:35.070Z] Parsing function triggers
[info] i  functions: No HTTPS functions found. Use firebase functions:shell if you would like to emulate other types of functions.
[debug] [2019-03-12T02:25:56.870Z] ----------------------------------------------------------------------
[debug] [2019-03-12T02:25:56.872Z] Command:       /usr/local/Cellar/node/11.10.0/bin/node /usr/local/bin/firebase serve
[debug] [2019-03-12T02:25:56.872Z] CLI Version:   6.4.0
[debug] [2019-03-12T02:25:56.872Z] Platform:      darwin
[debug] [2019-03-12T02:25:56.872Z] Node Version:  v11.10.0
[debug] [2019-03-12T02:25:56.873Z] Time:          Mon Mar 11 2019 22:25:56 GMT-0400 (Eastern Daylight Time)
[debug] [2019-03-12T02:25:56.873Z] ----------------------------------------------------------------------
[debug] 
[debug] [2019-03-12T02:25:56.879Z] > command requires scopes: ["email","openid","https://www.googleapis.com/auth/cloudplatformprojects.readonly","https://www.googleapis.com/auth/firebase","https://www.googleapis.com/auth/cloud-platform"]
[debug] [2019-03-12T02:25:56.879Z] > authorizing via signed-in user
[debug] [2019-03-12T02:25:56.879Z] [iam] checking project junior-design-project for permissions ["firebase.projects.get"]
[debug] [2019-03-12T02:25:56.880Z] > refreshing access token with scopes: ["email","https://www.googleapis.com/auth/cloud-platform","https://www.googleapis.com/auth/cloudplatformprojects.readonly","https://www.googleapis.com/auth/firebase","openid"]
[debug] [2019-03-12T02:25:56.880Z] >>> HTTP REQUEST POST https://www.googleapis.com/oauth2/v3/token  
 <request body omitted>
[debug] [2019-03-12T02:25:57.067Z] <<< HTTP RESPONSE 200
[debug] [2019-03-12T02:25:57.077Z] >>> HTTP REQUEST POST https://cloudresourcemanager.googleapis.com/v1/projects/junior-design-project:testIamPermissions  

[debug] [2019-03-12T02:25:57.287Z] <<< HTTP RESPONSE 200
[debug] [2019-03-12T02:25:57.288Z] >>> HTTP REQUEST GET https://cloudresourcemanager.googleapis.com/v1/projects/junior-design-project  
 
[debug] [2019-03-12T02:25:57.495Z] <<< HTTP RESPONSE 200
[info] 
[info] === Serving from '/Users/dasomeom/GitHub/junior-design-project'...
[info] 
[info] i  functions: Preparing to emulate functions.
[debug] [2019-03-12T02:25:57.824Z] Fetching environment
[debug] [2019-03-12T02:25:57.825Z] >>> HTTP REQUEST GET https://mobilesdk-pa.googleapis.com/v1/projects/986723685667:getServerAppConfig  
 
[debug] [2019-03-12T02:25:57.826Z] >>> HTTP REQUEST GET https://mobilesdk-pa.googleapis.com/v1/projects/986723685667/clients/_:getWebAppConfig  
 
[debug] [2019-03-12T02:25:58.023Z] <<< HTTP RESPONSE 200
[debug] [2019-03-12T02:25:58.024Z] Starting @google-cloud/functions-emulator
[debug] [2019-03-12T02:25:58.101Z] <<< HTTP RESPONSE 200
[info] i  hosting: Serving hosting files from: public
[info] ✔  hosting: Local server: http://localhost:5000
[debug] [2019-03-12T02:25:59.072Z] Parsing function triggers
[info] i  functions: No HTTPS functions found. Use firebase functions:shell if you would like to emulate other types of functions.
[debug] [2019-03-28T18:11:57.074Z] ----------------------------------------------------------------------
[debug] [2019-03-28T18:11:57.076Z] Command:       /usr/local/Cellar/node/11.10.0/bin/node /usr/local/bin/firebase serve
[debug] [2019-03-28T18:11:57.076Z] CLI Version:   6.4.0
[debug] [2019-03-28T18:11:57.076Z] Platform:      darwin
[debug] [2019-03-28T18:11:57.076Z] Node Version:  v11.10.0
[debug] [2019-03-28T18:11:57.082Z] Time:          Thu Mar 28 2019 14:11:57 GMT-0400 (Eastern Daylight Time)
[debug] [2019-03-28T18:11:57.082Z] ----------------------------------------------------------------------
[debug] 
[debug] [2019-03-28T18:11:57.092Z] > command requires scopes: ["email","openid","https://www.googleapis.com/auth/cloudplatformprojects.readonly","https://www.googleapis.com/auth/firebase","https://www.googleapis.com/auth/cloud-platform"]
[debug] [2019-03-28T18:11:57.093Z] > authorizing via signed-in user
[debug] [2019-03-28T18:11:57.093Z] [iam] checking project junior-design-project for permissions ["firebase.projects.get"]
[debug] [2019-03-28T18:11:57.094Z] > refreshing access token with scopes: ["email","https://www.googleapis.com/auth/cloud-platform","https://www.googleapis.com/auth/cloudplatformprojects.readonly","https://www.googleapis.com/auth/firebase","openid"]
[debug] [2019-03-28T18:11:57.095Z] >>> HTTP REQUEST POST https://www.googleapis.com/oauth2/v3/token  
 <request body omitted>
[debug] [2019-03-28T18:11:57.201Z] <<< HTTP RESPONSE 200
[debug] [2019-03-28T18:11:57.211Z] >>> HTTP REQUEST POST https://cloudresourcemanager.googleapis.com/v1/projects/junior-design-project:testIamPermissions  

[debug] [2019-03-28T18:11:57.378Z] <<< HTTP RESPONSE 200
[debug] [2019-03-28T18:11:57.379Z] >>> HTTP REQUEST GET https://cloudresourcemanager.googleapis.com/v1/projects/junior-design-project  
 
[debug] [2019-03-28T18:11:57.558Z] <<< HTTP RESPONSE 200
[info] 
[info] === Serving from '/Users/dasomeom/GitHub/junior-design-project'...
[info] 
[info] i  functions: Preparing to emulate functions.
[debug] [2019-03-28T18:11:58.160Z] Fetching environment
[debug] [2019-03-28T18:11:58.164Z] >>> HTTP REQUEST GET https://mobilesdk-pa.googleapis.com/v1/projects/986723685667:getServerAppConfig  
 
[debug] [2019-03-28T18:11:58.164Z] >>> HTTP REQUEST GET https://mobilesdk-pa.googleapis.com/v1/projects/986723685667/clients/_:getWebAppConfig  
 
[debug] [2019-03-28T18:11:58.284Z] <<< HTTP RESPONSE 200
[debug] [2019-03-28T18:11:58.285Z] Starting @google-cloud/functions-emulator
[debug] [2019-03-28T18:11:58.546Z] <<< HTTP RESPONSE 200
[info] i  hosting: Serving hosting files from: public
[info] ✔  hosting: Local server: http://localhost:5000
[debug] [2019-03-28T18:11:59.329Z] Parsing function triggers
[info] i  functions: No HTTPS functions found. Use firebase functions:shell if you would like to emulate other types of functions.
[debug] [2019-03-31T00:11:49.609Z] ----------------------------------------------------------------------
[debug] [2019-03-31T00:11:49.611Z] Command:       /usr/local/Cellar/node/11.10.0/bin/node /usr/local/bin/firebase serve
[debug] [2019-03-31T00:11:49.611Z] CLI Version:   6.4.0
[debug] [2019-03-31T00:11:49.611Z] Platform:      darwin
[debug] [2019-03-31T00:11:49.611Z] Node Version:  v11.10.0
[debug] [2019-03-31T00:11:49.618Z] Time:          Sat Mar 30 2019 20:11:49 GMT-0400 (Eastern Daylight Time)
[debug] [2019-03-31T00:11:49.618Z] ----------------------------------------------------------------------
[debug] 
[debug] [2019-03-31T00:11:49.630Z] > command requires scopes: ["email","openid","https://www.googleapis.com/auth/cloudplatformprojects.readonly","https://www.googleapis.com/auth/firebase","https://www.googleapis.com/auth/cloud-platform"]
[debug] [2019-03-31T00:11:49.630Z] > authorizing via signed-in user
[debug] [2019-03-31T00:11:49.630Z] [iam] checking project junior-design-project for permissions ["firebase.projects.get"]
[debug] [2019-03-31T00:11:49.632Z] > refreshing access token with scopes: ["email","https://www.googleapis.com/auth/cloud-platform","https://www.googleapis.com/auth/cloudplatformprojects.readonly","https://www.googleapis.com/auth/firebase","openid"]
[debug] [2019-03-31T00:11:49.632Z] >>> HTTP REQUEST POST https://www.googleapis.com/oauth2/v3/token  
 <request body omitted>
[debug] [2019-03-31T00:11:49.806Z] <<< HTTP RESPONSE 200
[debug] [2019-03-31T00:11:49.817Z] >>> HTTP REQUEST POST https://cloudresourcemanager.googleapis.com/v1/projects/junior-design-project:testIamPermissions  

[debug] [2019-03-31T00:11:50.133Z] <<< HTTP RESPONSE 200
[debug] [2019-03-31T00:11:50.135Z] >>> HTTP REQUEST GET https://cloudresourcemanager.googleapis.com/v1/projects/junior-design-project  
 
[debug] [2019-03-31T00:11:50.335Z] <<< HTTP RESPONSE 200
[info] 
[info] === Serving from '/Users/dasomeom/GitHub/junior-design-project'...
[info] 
[info] i  functions: Preparing to emulate functions.
[debug] [2019-03-31T00:11:50.917Z] Fetching environment
[debug] [2019-03-31T00:11:50.919Z] >>> HTTP REQUEST GET https://mobilesdk-pa.googleapis.com/v1/projects/986723685667:getServerAppConfig  
 
[debug] [2019-03-31T00:11:50.920Z] >>> HTTP REQUEST GET https://mobilesdk-pa.googleapis.com/v1/projects/986723685667/clients/_:getWebAppConfig  
 
[debug] [2019-03-31T00:11:51.158Z] <<< HTTP RESPONSE 200
[debug] [2019-03-31T00:11:51.158Z] Starting @google-cloud/functions-emulator
[debug] [2019-03-31T00:11:51.227Z] <<< HTTP RESPONSE 200
[info] i  hosting: Serving hosting files from: public
[info] ✔  hosting: Local server: http://localhost:5000
[debug] [2019-03-31T00:11:52.199Z] Parsing function triggers
[info] i  functions: No HTTPS functions found. Use firebase functions:shell if you would like to emulate other types of functions.
[debug] [2019-04-01T01:18:08.678Z] ----------------------------------------------------------------------
[debug] [2019-04-01T01:18:08.680Z] Command:       /usr/local/Cellar/node/11.10.0/bin/node /usr/local/bin/firebase serve
[debug] [2019-04-01T01:18:08.680Z] CLI Version:   6.4.0
[debug] [2019-04-01T01:18:08.680Z] Platform:      darwin
[debug] [2019-04-01T01:18:08.681Z] Node Version:  v11.10.0
[debug] [2019-04-01T01:18:08.681Z] Time:          Sun Mar 31 2019 21:18:08 GMT-0400 (Eastern Daylight Time)
[debug] [2019-04-01T01:18:08.682Z] ----------------------------------------------------------------------
[debug] 
[debug] [2019-04-01T01:18:08.691Z] > command requires scopes: ["email","openid","https://www.googleapis.com/auth/cloudplatformprojects.readonly","https://www.googleapis.com/auth/firebase","https://www.googleapis.com/auth/cloud-platform"]
[debug] [2019-04-01T01:18:08.692Z] > authorizing via signed-in user
[debug] [2019-04-01T01:18:08.692Z] [iam] checking project junior-design-project for permissions ["firebase.projects.get"]
[debug] [2019-04-01T01:18:08.693Z] > refreshing access token with scopes: ["email","https://www.googleapis.com/auth/cloud-platform","https://www.googleapis.com/auth/cloudplatformprojects.readonly","https://www.googleapis.com/auth/firebase","openid"]
[debug] [2019-04-01T01:18:08.693Z] >>> HTTP REQUEST POST https://www.googleapis.com/oauth2/v3/token  
 <request body omitted>
[debug] [2019-04-01T01:18:08.859Z] <<< HTTP RESPONSE 200
[debug] [2019-04-01T01:18:08.870Z] >>> HTTP REQUEST POST https://cloudresourcemanager.googleapis.com/v1/projects/junior-design-project:testIamPermissions  

[debug] [2019-04-01T01:18:09.190Z] <<< HTTP RESPONSE 200
[debug] [2019-04-01T01:18:09.192Z] >>> HTTP REQUEST GET https://cloudresourcemanager.googleapis.com/v1/projects/junior-design-project  
 
[debug] [2019-04-01T01:18:09.388Z] <<< HTTP RESPONSE 200
[info] 
[info] === Serving from '/Users/dasomeom/GitHub/junior-design-project'...
[info] 
[info] i  functions: Preparing to emulate functions.
[debug] [2019-04-01T01:18:09.719Z] Fetching environment
[debug] [2019-04-01T01:18:09.721Z] >>> HTTP REQUEST GET https://mobilesdk-pa.googleapis.com/v1/projects/986723685667:getServerAppConfig  
 
[debug] [2019-04-01T01:18:09.721Z] >>> HTTP REQUEST GET https://mobilesdk-pa.googleapis.com/v1/projects/986723685667/clients/_:getWebAppConfig  
 
[debug] [2019-04-01T01:18:10.005Z] <<< HTTP RESPONSE 200
[debug] [2019-04-01T01:18:10.005Z] Starting @google-cloud/functions-emulator
[debug] [2019-04-01T01:18:10.226Z] <<< HTTP RESPONSE 200
[info] i  hosting: Serving hosting files from: public
[info] ✔  hosting: Local server: http://localhost:5000
[debug] [2019-04-01T01:18:11.053Z] Parsing function triggers
[info] i  functions: No HTTPS functions found. Use firebase functions:shell if you would like to emulate other types of functions.
[debug] [2019-04-01T17:59:00.346Z] ----------------------------------------------------------------------
[debug] [2019-04-01T17:59:00.348Z] Command:       /usr/local/Cellar/node/11.10.0/bin/node /usr/local/bin/firebase serve
[debug] [2019-04-01T17:59:00.348Z] CLI Version:   6.4.0
[debug] [2019-04-01T17:59:00.348Z] Platform:      darwin
[debug] [2019-04-01T17:59:00.348Z] Node Version:  v11.10.0
[debug] [2019-04-01T17:59:00.354Z] Time:          Mon Apr 01 2019 13:59:00 GMT-0400 (Eastern Daylight Time)
[debug] [2019-04-01T17:59:00.354Z] ----------------------------------------------------------------------
[debug] 
[debug] [2019-04-01T17:59:00.364Z] > command requires scopes: ["email","openid","https://www.googleapis.com/auth/cloudplatformprojects.readonly","https://www.googleapis.com/auth/firebase","https://www.googleapis.com/auth/cloud-platform"]
[debug] [2019-04-01T17:59:00.364Z] > authorizing via signed-in user
[debug] [2019-04-01T17:59:00.364Z] [iam] checking project junior-design-project for permissions ["firebase.projects.get"]
[debug] [2019-04-01T17:59:00.366Z] > refreshing access token with scopes: ["email","https://www.googleapis.com/auth/cloud-platform","https://www.googleapis.com/auth/cloudplatformprojects.readonly","https://www.googleapis.com/auth/firebase","openid"]
[debug] [2019-04-01T17:59:00.366Z] >>> HTTP REQUEST POST https://www.googleapis.com/oauth2/v3/token  
 <request body omitted>
[debug] [2019-04-01T17:59:00.481Z] <<< HTTP RESPONSE 200
[debug] [2019-04-01T17:59:00.491Z] >>> HTTP REQUEST POST https://cloudresourcemanager.googleapis.com/v1/projects/junior-design-project:testIamPermissions  

[debug] [2019-04-01T17:59:00.645Z] <<< HTTP RESPONSE 200
[debug] [2019-04-01T17:59:00.646Z] >>> HTTP REQUEST GET https://cloudresourcemanager.googleapis.com/v1/projects/junior-design-project  
 
[debug] [2019-04-01T17:59:00.841Z] <<< HTTP RESPONSE 200
[info] 
[info] === Serving from '/Users/dasomeom/GitHub/junior-design-project'...
[info] 
[info] i  functions: Preparing to emulate functions.
[debug] [2019-04-01T17:59:01.453Z] Fetching environment
[debug] [2019-04-01T17:59:01.455Z] >>> HTTP REQUEST GET https://mobilesdk-pa.googleapis.com/v1/projects/986723685667:getServerAppConfig  
 
[debug] [2019-04-01T17:59:01.455Z] >>> HTTP REQUEST GET https://mobilesdk-pa.googleapis.com/v1/projects/986723685667/clients/_:getWebAppConfig  
 
[debug] [2019-04-01T17:59:01.578Z] <<< HTTP RESPONSE 200
[debug] [2019-04-01T17:59:01.579Z] Starting @google-cloud/functions-emulator
[debug] [2019-04-01T17:59:01.892Z] <<< HTTP RESPONSE 200
[info] i  hosting: Serving hosting files from: public
[info] ✔  hosting: Local server: http://localhost:5000
[debug] [2019-04-01T17:59:02.630Z] Parsing function triggers
[info] i  functions: No HTTPS functions found. Use firebase functions:shell if you would like to emulate other types of functions.
[debug] [2019-04-03T13:01:50.661Z] ----------------------------------------------------------------------
[debug] [2019-04-03T13:01:50.663Z] Command:       /usr/local/Cellar/node/11.10.0/bin/node /usr/local/bin/firebase serve
[debug] [2019-04-03T13:01:50.663Z] CLI Version:   6.4.0
[debug] [2019-04-03T13:01:50.663Z] Platform:      darwin
[debug] [2019-04-03T13:01:50.663Z] Node Version:  v11.10.0
[debug] [2019-04-03T13:01:50.669Z] Time:          Wed Apr 03 2019 09:01:50 GMT-0400 (Eastern Daylight Time)
[debug] [2019-04-03T13:01:50.669Z] ----------------------------------------------------------------------
[debug] 
[debug] [2019-04-03T13:01:50.682Z] > command requires scopes: ["email","openid","https://www.googleapis.com/auth/cloudplatformprojects.readonly","https://www.googleapis.com/auth/firebase","https://www.googleapis.com/auth/cloud-platform"]
[debug] [2019-04-03T13:01:50.682Z] > authorizing via signed-in user
[debug] [2019-04-03T13:01:50.682Z] [iam] checking project junior-design-project for permissions ["firebase.projects.get"]
[debug] [2019-04-03T13:01:50.684Z] > refreshing access token with scopes: ["email","https://www.googleapis.com/auth/cloud-platform","https://www.googleapis.com/auth/cloudplatformprojects.readonly","https://www.googleapis.com/auth/firebase","openid"]
[debug] [2019-04-03T13:01:50.684Z] >>> HTTP REQUEST POST https://www.googleapis.com/oauth2/v3/token  
 <request body omitted>
[debug] [2019-04-03T13:01:56.002Z] <<< HTTP RESPONSE 200
[debug] [2019-04-03T13:01:56.011Z] >>> HTTP REQUEST POST https://cloudresourcemanager.googleapis.com/v1/projects/junior-design-project:testIamPermissions  

[debug] [2019-04-03T13:01:56.212Z] <<< HTTP RESPONSE 200
[debug] [2019-04-03T13:01:56.213Z] >>> HTTP REQUEST GET https://cloudresourcemanager.googleapis.com/v1/projects/junior-design-project  
 
[debug] [2019-04-03T13:01:56.797Z] <<< HTTP RESPONSE 200
[info] 
[info] === Serving from '/Users/dasomeom/GitHub/junior-design-project'...
[info] 
[info] i  functions: Preparing to emulate functions.
[debug] [2019-04-03T13:01:57.362Z] Fetching environment
[debug] [2019-04-03T13:01:57.364Z] >>> HTTP REQUEST GET https://mobilesdk-pa.googleapis.com/v1/projects/986723685667:getServerAppConfig  
 
[debug] [2019-04-03T13:01:57.364Z] >>> HTTP REQUEST GET https://mobilesdk-pa.googleapis.com/v1/projects/986723685667/clients/_:getWebAppConfig  
 
[debug] [2019-04-03T13:01:59.082Z] <<< HTTP RESPONSE 200
[debug] [2019-04-03T13:01:59.083Z] Starting @google-cloud/functions-emulator
[debug] [2019-04-03T13:01:59.866Z] <<< HTTP RESPONSE 200
[info] i  hosting: Serving hosting files from: public
[info] ✔  hosting: Local server: http://localhost:5000
[debug] [2019-04-03T13:02:00.126Z] Parsing function triggers
[info] i  functions: No HTTPS functions found. Use firebase functions:shell if you would like to emulate other types of functions.
[debug] [2019-04-03T14:05:06.614Z] ----------------------------------------------------------------------
[debug] [2019-04-03T14:05:06.616Z] Command:       /usr/local/Cellar/node/11.10.0/bin/node /usr/local/bin/firebase serve
[debug] [2019-04-03T14:05:06.616Z] CLI Version:   6.4.0
[debug] [2019-04-03T14:05:06.616Z] Platform:      darwin
[debug] [2019-04-03T14:05:06.616Z] Node Version:  v11.10.0
[debug] [2019-04-03T14:05:06.622Z] Time:          Wed Apr 03 2019 10:05:06 GMT-0400 (Eastern Daylight Time)
[debug] [2019-04-03T14:05:06.622Z] ----------------------------------------------------------------------
[debug] 
[debug] [2019-04-03T14:05:06.630Z] > command requires scopes: ["email","openid","https://www.googleapis.com/auth/cloudplatformprojects.readonly","https://www.googleapis.com/auth/firebase","https://www.googleapis.com/auth/cloud-platform"]
[debug] [2019-04-03T14:05:06.631Z] > authorizing via signed-in user
[debug] [2019-04-03T14:05:06.631Z] [iam] checking project junior-design-project for permissions ["firebase.projects.get"]
[debug] [2019-04-03T14:05:06.632Z] > refreshing access token with scopes: ["email","https://www.googleapis.com/auth/cloud-platform","https://www.googleapis.com/auth/cloudplatformprojects.readonly","https://www.googleapis.com/auth/firebase","openid"]
[debug] [2019-04-03T14:05:06.632Z] >>> HTTP REQUEST POST https://www.googleapis.com/oauth2/v3/token  
 <request body omitted>
[debug] [2019-04-03T14:05:06.753Z] <<< HTTP RESPONSE 200
[debug] [2019-04-03T14:05:06.765Z] >>> HTTP REQUEST POST https://cloudresourcemanager.googleapis.com/v1/projects/junior-design-project:testIamPermissions  

[debug] [2019-04-03T14:05:06.917Z] <<< HTTP RESPONSE 200
[debug] [2019-04-03T14:05:06.919Z] >>> HTTP REQUEST GET https://cloudresourcemanager.googleapis.com/v1/projects/junior-design-project  
 
[debug] [2019-04-03T14:05:07.103Z] <<< HTTP RESPONSE 200
[info] 
[info] === Serving from '/Users/dasomeom/GitHub/junior-design-project'...
[info] 
[info] i  functions: Preparing to emulate functions.
[debug] [2019-04-03T14:05:07.716Z] Fetching environment
[debug] [2019-04-03T14:05:07.719Z] >>> HTTP REQUEST GET https://mobilesdk-pa.googleapis.com/v1/projects/986723685667:getServerAppConfig  
 
[debug] [2019-04-03T14:05:07.719Z] >>> HTTP REQUEST GET https://mobilesdk-pa.googleapis.com/v1/projects/986723685667/clients/_:getWebAppConfig  
 
[debug] [2019-04-03T14:05:08.782Z] <<< HTTP RESPONSE 200
[debug] [2019-04-03T14:05:08.783Z] Starting @google-cloud/functions-emulator
[debug] [2019-04-03T14:05:08.877Z] <<< HTTP RESPONSE 200
[info] i  hosting: Serving hosting files from: public
[info] ✔  hosting: Local server: http://localhost:5000
[debug] [2019-04-03T14:05:09.833Z] Parsing function triggers
[info] i  functions: No HTTPS functions found. Use firebase functions:shell if you would like to emulate other types of functions.
[debug] [2019-04-04T13:36:55.802Z] ----------------------------------------------------------------------
[debug] [2019-04-04T13:36:55.804Z] Command:       /usr/local/Cellar/node/11.10.0/bin/node /usr/local/bin/firebase serve
[debug] [2019-04-04T13:36:55.804Z] CLI Version:   6.4.0
[debug] [2019-04-04T13:36:55.804Z] Platform:      darwin
[debug] [2019-04-04T13:36:55.804Z] Node Version:  v11.10.0
[debug] [2019-04-04T13:36:55.809Z] Time:          Thu Apr 04 2019 09:36:55 GMT-0400 (Eastern Daylight Time)
[debug] [2019-04-04T13:36:55.809Z] ----------------------------------------------------------------------
[debug] 
[debug] [2019-04-04T13:36:55.820Z] > command requires scopes: ["email","openid","https://www.googleapis.com/auth/cloudplatformprojects.readonly","https://www.googleapis.com/auth/firebase","https://www.googleapis.com/auth/cloud-platform"]
[debug] [2019-04-04T13:36:55.820Z] > authorizing via signed-in user
[debug] [2019-04-04T13:36:55.820Z] [iam] checking project junior-design-project for permissions ["firebase.projects.get"]
[debug] [2019-04-04T13:36:55.822Z] > refreshing access token with scopes: ["email","https://www.googleapis.com/auth/cloud-platform","https://www.googleapis.com/auth/cloudplatformprojects.readonly","https://www.googleapis.com/auth/firebase","openid"]
[debug] [2019-04-04T13:36:55.822Z] >>> HTTP REQUEST POST https://www.googleapis.com/oauth2/v3/token  
 <request body omitted>
[debug] [2019-04-04T13:36:55.999Z] <<< HTTP RESPONSE 200
[debug] [2019-04-04T13:36:56.008Z] >>> HTTP REQUEST POST https://cloudresourcemanager.googleapis.com/v1/projects/junior-design-project:testIamPermissions  

[debug] [2019-04-04T13:36:56.468Z] <<< HTTP RESPONSE 200
[debug] [2019-04-04T13:36:56.470Z] >>> HTTP REQUEST GET https://cloudresourcemanager.googleapis.com/v1/projects/junior-design-project  
 
[debug] [2019-04-04T13:36:56.659Z] <<< HTTP RESPONSE 200
[info] 
[info] === Serving from '/Users/dasomeom/GitHub/junior-design-project'...
[info] 
[info] i  functions: Preparing to emulate functions.
[debug] [2019-04-04T13:36:57.234Z] Fetching environment
[debug] [2019-04-04T13:36:57.237Z] >>> HTTP REQUEST GET https://mobilesdk-pa.googleapis.com/v1/projects/986723685667:getServerAppConfig  
 
[debug] [2019-04-04T13:36:57.237Z] >>> HTTP REQUEST GET https://mobilesdk-pa.googleapis.com/v1/projects/986723685667/clients/_:getWebAppConfig  
 
[debug] [2019-04-04T13:36:57.509Z] <<< HTTP RESPONSE 200
[debug] [2019-04-04T13:36:57.509Z] Starting @google-cloud/functions-emulator
[debug] [2019-04-04T13:36:57.731Z] <<< HTTP RESPONSE 200
[info] i  hosting: Serving hosting files from: public
[info] ✔  hosting: Local server: http://localhost:5000
[debug] [2019-04-04T13:36:58.555Z] Parsing function triggers
[info] i  functions: No HTTPS functions found. Use firebase functions:shell if you would like to emulate other types of functions.
[debug] [2019-04-04T21:39:22.321Z] ----------------------------------------------------------------------
[debug] [2019-04-04T21:39:22.323Z] Command:       /usr/local/Cellar/node/11.10.0/bin/node /usr/local/bin/firebase serve
[debug] [2019-04-04T21:39:22.323Z] CLI Version:   6.4.0
[debug] [2019-04-04T21:39:22.323Z] Platform:      darwin
[debug] [2019-04-04T21:39:22.323Z] Node Version:  v11.10.0
[debug] [2019-04-04T21:39:22.324Z] Time:          Thu Apr 04 2019 17:39:22 GMT-0400 (Eastern Daylight Time)
[debug] [2019-04-04T21:39:22.324Z] ----------------------------------------------------------------------
[debug] 
[debug] [2019-04-04T21:39:22.329Z] > command requires scopes: ["email","openid","https://www.googleapis.com/auth/cloudplatformprojects.readonly","https://www.googleapis.com/auth/firebase","https://www.googleapis.com/auth/cloud-platform"]
[debug] [2019-04-04T21:39:22.330Z] > authorizing via signed-in user
[debug] [2019-04-04T21:39:22.330Z] [iam] checking project junior-design-project for permissions ["firebase.projects.get"]
[debug] [2019-04-04T21:39:22.331Z] > refreshing access token with scopes: ["email","https://www.googleapis.com/auth/cloud-platform","https://www.googleapis.com/auth/cloudplatformprojects.readonly","https://www.googleapis.com/auth/firebase","openid"]
[debug] [2019-04-04T21:39:22.331Z] >>> HTTP REQUEST POST https://www.googleapis.com/oauth2/v3/token  
 <request body omitted>
[debug] [2019-04-04T21:39:23.501Z] <<< HTTP RESPONSE 200
[debug] [2019-04-04T21:39:23.514Z] >>> HTTP REQUEST POST https://cloudresourcemanager.googleapis.com/v1/projects/junior-design-project:testIamPermissions  

[debug] [2019-04-04T21:39:23.734Z] <<< HTTP RESPONSE 200
[debug] [2019-04-04T21:39:23.735Z] >>> HTTP REQUEST GET https://cloudresourcemanager.googleapis.com/v1/projects/junior-design-project  
 
[debug] [2019-04-04T21:39:23.928Z] <<< HTTP RESPONSE 200
[info] 
[info] === Serving from '/Users/dasomeom/GitHub/junior-design-project'...
[info] 
[info] i  functions: Preparing to emulate functions.
[debug] [2019-04-04T21:39:24.246Z] Fetching environment
[debug] [2019-04-04T21:39:24.248Z] >>> HTTP REQUEST GET https://mobilesdk-pa.googleapis.com/v1/projects/986723685667:getServerAppConfig  
 
[debug] [2019-04-04T21:39:24.248Z] >>> HTTP REQUEST GET https://mobilesdk-pa.googleapis.com/v1/projects/986723685667/clients/_:getWebAppConfig  
 
[debug] [2019-04-04T21:39:24.545Z] <<< HTTP RESPONSE 200
[debug] [2019-04-04T21:39:24.546Z] Starting @google-cloud/functions-emulator
[debug] [2019-04-04T21:39:24.689Z] <<< HTTP RESPONSE 200
[info] i  hosting: Serving hosting files from: public
[info] ✔  hosting: Local server: http://localhost:5000
[debug] [2019-04-04T21:39:25.581Z] Parsing function triggers
[info] i  functions: No HTTPS functions found. Use firebase functions:shell if you would like to emulate other types of functions.
